Configuring network-multicast-0.2.0...
Building network-multicast-0.2.0...
Preprocessing library network-multicast-0.2.0...
[1 of 1] Compiling Network.Multicast ( .stack-work\dist\ca59d0ab\build\Network\Multicast.hs, .stack-work\dist\ca59d0ab\build\Network\Multicast.o )

src\Network\Multicast.hsc:76:50: warning: [-Wdeprecations]
    In the use of ‘sClose’ (imported from Network.Socket):
    Deprecated: "use 'close'"

src\Network\Multicast.hsc:91:7: warning: [-Wdeprecations]
    In the use of ‘bindSocket’ (imported from Network.Socket):
    Deprecated: "use 'bind'"

src\Network\Multicast.hsc:143:1: warning: [-Wunsupported-calling-conventions]
    • the 'stdcall' calling convention is unsupported on this platform,
      treating as ccall
    • When checking declaration:
        foreign import stdcall unsafe "static setsockopt" c_setsockopt
          :: CInt -> CInt -> CInt -> Ptr CInt -> CInt -> IO CInt

src\Network\Multicast.hsc:146:1: warning: [-Wunsupported-calling-conventions]
    • the 'stdcall' calling convention is unsupported on this platform,
      treating as ccall
    • When checking declaration:
        foreign import stdcall unsafe "static WSAGetLastError" wsaGetLastError
          :: IO CInt
Installing library in
C:\stack_root\snapshots\c095693b\lib\x86_64-windows-ghc-8.0.2\network-multicast-0.2.0-LPVUGgkolA8Jc36lAWzvdd
Registering network-multicast-0.2.0...
